<?xml version="1.0" encoding="UTF-8"?>
<testng-results skipped="0" failed="0" ignored="0" total="1" passed="1">
  <reporter-output>
  </reporter-output>
  <suite name="Default suite" duration-ms="2589" started-at="2022-03-27T02:42:22Z" finished-at="2022-03-27T02:42:24Z">
    <groups>
    </groups>
    <test name="Default test" duration-ms="2589" started-at="2022-03-27T02:42:22Z" finished-at="2022-03-27T02:42:24Z">
      <class name="com.jbk.LogInTest">
        <test-method status="PASS" signature="test01()[pri:0, instance:com.jbk.LogInTest@55f3ddb1]" name="test01" duration-ms="2569" started-at="2022-03-27T02:42:22Z" finished-at="2022-03-27T02:42:24Z">
          <reporter-output>
          </reporter-output>
        </test-method> <!-- test01 -->
      </class> <!-- com.jbk.LogInTest -->
    </test> <!-- Default test -->
  </suite> <!-- Default suite -->
</testng-results>
